<?xml version="1.0" encoding="UTF-8" ?>
<testsuite failures="0" time="1.491" errors="1" skipped="0" tests="1" name="Test">
  <properties>
[...]
</properties>
  <testcase time="1.448" classname="Test" name="test">
    <error message="Error creating bean with name &apos;airportBean&apos;: Invocation of init method failed; nested exception is javax.persistence.PersistenceException: Exception [EclipseLink-4002] (Eclipse Persistence Services - 2.5.0.v20130507-3faac2b): org.eclipse.persistence.exceptions.DatabaseException
Internal Exception: java.sql.SQLException: Failed to start database &apos;C:\JAVA\DB\AirDB&apos; with class loader sun.misc.Launcher$AppClassLoader@41556f4c, see the next exception for details.
Error Code: 40000" type="org.springframework.beans.factory.BeanCreationException">org.springframework.beans.factory.BeanCreationException: Error creating bean with name &apos;airportBean&apos;: Invocation of init method failed; nested exception is javax.persistence.PersistenceException: Exception [EclipseLink-4002] (Eclipse Persistence Services - 2.5.0.v20130507-3faac2b): org.eclipse.persistence.exceptions.DatabaseException
Internal Exception: java.sql.SQLException: Failed to start database &apos;C:\JAVA\DB\AirDB&apos; with class loader sun.misc.Launcher$AppClassLoader@41556f4c, see the next exception for details.
Error Code: 40000
	at org.springframework.beans.factory.annotation.InitDestroyAnnotationBeanPostProcessor.postProcessBeforeInitialization(InitDestroyAnnotationBeanPostProcessor.java:133)
	at org.springframework.beans.factory.support.AbstractAutowireCapableBeanFactory.applyBeanPostProcessorsBeforeInitialization(AbstractAutowireCapableBeanFactory.java:396)
	at org.springframework.beans.factory.support.AbstractAutowireCapableBeanFactory.initializeBean(AbstractAutowireCapableBeanFactory.java:1475)
	at org.springframework.beans.factory.support.AbstractAutowireCapableBeanFactory.doCreateBean(AbstractAutowireCapableBeanFactory.java:521)
	at org.springframework.beans.factory.support.AbstractAutowireCapableBeanFactory.createBean(AbstractAutowireCapableBeanFactory.java:458)
	at org.springframework.beans.factory.support.AbstractBeanFactory$1.getObject(AbstractBeanFactory.java:295)
	at org.springframework.beans.factory.support.DefaultSingletonBeanRegistry.getSingleton(DefaultSingletonBeanRegistry.java:223)
	at org.springframework.beans.factory.support.AbstractBeanFactory.doGetBean(AbstractBeanFactory.java:292)
	at org.springframework.beans.factory.support.AbstractBeanFactory.getBean(AbstractBeanFactory.java:194)
	at org.springframework.beans.factory.support.DefaultListableBeanFactory.preInstantiateSingletons(DefaultListableBeanFactory.java:626)
	at org.springframework.context.support.AbstractApplicationContext.finishBeanFactoryInitialization(AbstractApplicationContext.java:932)
	at org.springframework.context.support.AbstractApplicationContext.refresh(AbstractApplicationContext.java:479)
	at org.springframework.context.support.ClassPathXmlApplicationContext.&lt;init&gt;(ClassPathXmlApplicationContext.java:139)
	at org.springframework.context.support.ClassPathXmlApplicationContext.&lt;init&gt;(ClassPathXmlApplicationContext.java:83)
	at Test.test(Test.java:13)
	at sun.reflect.NativeMethodAccessorImpl.invoke0(Native Method)
	at sun.reflect.NativeMethodAccessorImpl.invoke(NativeMethodAccessorImpl.java:57)
	at sun.reflect.DelegatingMethodAccessorImpl.invoke(DelegatingMethodAccessorImpl.java:43)
	at java.lang.reflect.Method.invoke(Method.java:606)
	at org.junit.runners.model.FrameworkMethod$1.runReflectiveCall(FrameworkMethod.java:44)
	at org.junit.internal.runners.model.ReflectiveCallable.run(ReflectiveCallable.java:15)
	at org.junit.runners.model.FrameworkMethod.invokeExplosively(FrameworkMethod.java:41)
	at org.junit.internal.runners.statements.InvokeMethod.evaluate(InvokeMethod.java:20)
	at org.junit.runners.BlockJUnit4ClassRunner.runChild(BlockJUnit4ClassRunner.java:76)
	at org.junit.runners.BlockJUnit4ClassRunner.runChild(BlockJUnit4ClassRunner.java:50)
	at org.junit.runners.ParentRunner$3.run(ParentRunner.java:193)
	at org.junit.runners.ParentRunner$1.schedule(ParentRunner.java:52)
	at org.junit.runners.ParentRunner.runChildren(ParentRunner.java:191)
	at org.junit.runners.ParentRunner.access$000(ParentRunner.java:42)
	at org.junit.runners.ParentRunner$2.evaluate(ParentRunner.java:184)
	at org.junit.runners.ParentRunner.run(ParentRunner.java:236)
	at org.apache.maven.surefire.junit4.JUnit4TestSet.execute(JUnit4TestSet.java:53)
	at org.apache.maven.surefire.junit4.JUnit4Provider.executeTestSet(JUnit4Provider.java:123)
	at org.apache.maven.surefire.junit4.JUnit4Provider.invoke(JUnit4Provider.java:104)
	at sun.reflect.NativeMethodAccessorImpl.invoke0(Native Method)
	at sun.reflect.NativeMethodAccessorImpl.invoke(NativeMethodAccessorImpl.java:57)
	at sun.reflect.DelegatingMethodAccessorImpl.invoke(DelegatingMethodAccessorImpl.java:43)
	at java.lang.reflect.Method.invoke(Method.java:606)
	at org.apache.maven.surefire.util.ReflectionUtils.invokeMethodWithArray(ReflectionUtils.java:164)
	at org.apache.maven.surefire.booter.ProviderFactory$ProviderProxy.invoke(ProviderFactory.java:110)
	at org.apache.maven.surefire.booter.SurefireStarter.invokeProvider(SurefireStarter.java:175)
	at org.apache.maven.surefire.booter.SurefireStarter.runSuitesInProcessWhenForked(SurefireStarter.java:107)
	at org.apache.maven.surefire.booter.ForkedBooter.main(ForkedBooter.java:68)
Caused by: javax.persistence.PersistenceException: Exception [EclipseLink-4002] (Eclipse Persistence Services - 2.5.0.v20130507-3faac2b): org.eclipse.persistence.exceptions.DatabaseException
Internal Exception: java.sql.SQLException: Failed to start database &apos;C:\JAVA\DB\AirDB&apos; with class loader sun.misc.Launcher$AppClassLoader@41556f4c, see the next exception for details.
Error Code: 40000
	at org.eclipse.persistence.internal.jpa.EntityManagerSetupImpl.deploy(EntityManagerSetupImpl.java:762)
	at org.eclipse.persistence.internal.jpa.EntityManagerFactoryDelegate.getAbstractSession(EntityManagerFactoryDelegate.java:204)
	at org.eclipse.persistence.internal.jpa.EntityManagerFactoryDelegate.createEntityManagerImpl(EntityManagerFactoryDelegate.java:304)
	at org.eclipse.persistence.internal.jpa.EntityManagerFactoryImpl.createEntityManagerImpl(EntityManagerFactoryImpl.java:336)
	at org.eclipse.persistence.internal.jpa.EntityManagerFactoryImpl.createEntityManager(EntityManagerFactoryImpl.java:302)
	at sun.reflect.NativeMethodAccessorImpl.invoke0(Native Method)
	at sun.reflect.NativeMethodAccessorImpl.invoke(NativeMethodAccessorImpl.java:57)
	at sun.reflect.DelegatingMethodAccessorImpl.invoke(DelegatingMethodAccessorImpl.java:43)
	at java.lang.reflect.Method.invoke(Method.java:606)
	at org.springframework.orm.jpa.AbstractEntityManagerFactoryBean.invokeProxyMethod(AbstractEntityManagerFactoryBean.java:376)
	at org.springframework.orm.jpa.AbstractEntityManagerFactoryBean$ManagedEntityManagerFactoryInvocationHandler.invoke(AbstractEntityManagerFactoryBean.java:519)
	at com.sun.proxy.$Proxy9.createEntityManager(Unknown Source)
	at org.springframework.orm.jpa.SharedEntityManagerCreator$SharedEntityManagerInvocationHandler.invoke(SharedEntityManagerCreator.java:233)
	at com.sun.proxy.$Proxy15.createQuery(Unknown Source)
	at info.oleksandr.www.dao.AirportDao.getAirportList(AirportDao.java:49)
	at info.oleksandr.www.services.AirportService.getAirportList(AirportService.java:41)
	at info.oleksandr.www.beans.AirportBean.refreshList(AirportBean.java:46)
	at sun.reflect.NativeMethodAccessorImpl.invoke0(Native Method)
	at sun.reflect.NativeMethodAccessorImpl.invoke(NativeMethodAccessorImpl.java:57)
	at sun.reflect.DelegatingMethodAccessorImpl.invoke(DelegatingMethodAccessorImpl.java:43)
	at java.lang.reflect.Method.invoke(Method.java:606)
	at org.springframework.beans.factory.annotation.InitDestroyAnnotationBeanPostProcessor$LifecycleElement.invoke(InitDestroyAnnotationBeanPostProcessor.java:344)
	at org.springframework.beans.factory.annotation.InitDestroyAnnotationBeanPostProcessor$LifecycleMetadata.invokeInitMethods(InitDestroyAnnotationBeanPostProcessor.java:295)
	at org.springframework.beans.factory.annotation.InitDestroyAnnotationBeanPostProcessor.postProcessBeforeInitialization(InitDestroyAnnotationBeanPostProcessor.java:130)
	... 42 more
Caused by: Exception [EclipseLink-4002] (Eclipse Persistence Services - 2.5.0.v20130507-3faac2b): org.eclipse.persistence.exceptions.DatabaseException
Internal Exception: java.sql.SQLException: Failed to start database &apos;C:\JAVA\DB\AirDB&apos; with class loader sun.misc.Launcher$AppClassLoader@41556f4c, see the next exception for details.
Error Code: 40000
	at org.eclipse.persistence.exceptions.DatabaseException.sqlException(DatabaseException.java:316)
	at org.eclipse.persistence.sessions.JNDIConnector.connect(JNDIConnector.java:135)
	at org.eclipse.persistence.sessions.DatasourceLogin.connectToDatasource(DatasourceLogin.java:162)
	at org.eclipse.persistence.internal.databaseaccess.DatasourceAccessor.connectInternal(DatasourceAccessor.java:330)
	at org.eclipse.persistence.internal.databaseaccess.DatabaseAccessor.connectInternal(DatabaseAccessor.java:307)
	at org.eclipse.persistence.internal.databaseaccess.DatasourceAccessor.connect(DatasourceAccessor.java:418)
	at org.eclipse.persistence.sessions.server.ConnectionPool.buildConnection(ConnectionPool.java:217)
	at org.eclipse.persistence.sessions.server.ExternalConnectionPool.startUp(ExternalConnectionPool.java:146)
	at org.eclipse.persistence.sessions.server.ServerSession.connect(ServerSession.java:488)
	at org.eclipse.persistence.internal.sessions.DatabaseSessionImpl.login(DatabaseSessionImpl.java:748)
	at org.eclipse.persistence.internal.jpa.EntityManagerFactoryProvider.login(EntityManagerFactoryProvider.java:241)
	at org.eclipse.persistence.internal.jpa.EntityManagerSetupImpl.deploy(EntityManagerSetupImpl.java:681)
	... 65 more
Caused by: java.sql.SQLException: Failed to start database &apos;C:\JAVA\DB\AirDB&apos; with class loader sun.misc.Launcher$AppClassLoader@41556f4c, see the next exception for details.
	at org.apache.derby.impl.jdbc.SQLExceptionFactory40.getSQLException(Unknown Source)
	at org.apache.derby.impl.jdbc.Util.newEmbedSQLException(Unknown Source)
	at org.apache.derby.impl.jdbc.Util.seeNextException(Unknown Source)
	at org.apache.derby.impl.jdbc.EmbedConnection.bootDatabase(Unknown Source)
	at org.apache.derby.impl.jdbc.EmbedConnection.&lt;init&gt;(Unknown Source)
	at org.apache.derby.impl.jdbc.EmbedConnection40.&lt;init&gt;(Unknown Source)
	at org.apache.derby.jdbc.Driver40.getNewEmbedConnection(Unknown Source)
	at org.apache.derby.jdbc.InternalDriver.connect(Unknown Source)
	at org.apache.derby.jdbc.Driver20.connect(Unknown Source)
	at org.apache.derby.jdbc.AutoloadedDriver.connect(Unknown Source)
	at java.sql.DriverManager.getConnection(DriverManager.java:571)
	at java.sql.DriverManager.getConnection(DriverManager.java:187)
	at org.springframework.jdbc.datasource.DriverManagerDataSource.getConnectionFromDriverManager(DriverManagerDataSource.java:173)
	at org.springframework.jdbc.datasource.DriverManagerDataSource.getConnectionFromDriver(DriverManagerDataSource.java:164)
	at org.springframework.jdbc.datasource.AbstractDriverBasedDataSource.getConnectionFromDriver(AbstractDriverBasedDataSource.java:153)
	at org.springframework.jdbc.datasource.AbstractDriverBasedDataSource.getConnection(AbstractDriverBasedDataSource.java:119)
	at org.eclipse.persistence.sessions.JNDIConnector.connect(JNDIConnector.java:123)
	... 75 more
Caused by: java.sql.SQLException: Failed to start database &apos;C:\JAVA\DB\AirDB&apos; with class loader sun.misc.Launcher$AppClassLoader@41556f4c, see the next exception for details.
	at org.apache.derby.impl.jdbc.SQLExceptionFactory.getSQLException(Unknown Source)
	at org.apache.derby.impl.jdbc.SQLExceptionFactory40.wrapArgsForTransportAcrossDRDA(Unknown Source)
	... 92 more
Caused by: java.sql.SQLException: Another instance of Derby may have already booted the database C:\JAVA\db\AirDB.
	at org.apache.derby.impl.jdbc.SQLExceptionFactory.getSQLException(Unknown Source)
	at org.apache.derby.impl.jdbc.SQLExceptionFactory40.wrapArgsForTransportAcrossDRDA(Unknown Source)
	at org.apache.derby.impl.jdbc.SQLExceptionFactory40.getSQLException(Unknown Source)
	at org.apache.derby.impl.jdbc.Util.generateCsSQLException(Unknown Source)
	... 89 more
Caused by: ERROR XSDB6: Another instance of Derby may have already booted the database C:\JAVA\db\AirDB.
	at org.apache.derby.iapi.error.StandardException.newException(Unknown Source)
	at org.apache.derby.impl.store.raw.data.BaseDataFileFactory.privGetJBMSLockOnDB(Unknown Source)
	at org.apache.derby.impl.store.raw.data.BaseDataFileFactory.run(Unknown Source)
	at java.security.AccessController.doPrivileged(Native Method)
	at org.apache.derby.impl.store.raw.data.BaseDataFileFactory.getJBMSLockOnDB(Unknown Source)
	at org.apache.derby.impl.store.raw.data.BaseDataFileFactory.boot(Unknown Source)
	at org.apache.derby.impl.services.monitor.BaseMonitor.boot(Unknown Source)
	at org.apache.derby.impl.services.monitor.TopService.bootModule(Unknown Source)
	at org.apache.derby.impl.services.monitor.BaseMonitor.startModule(Unknown Source)
	at org.apache.derby.iapi.services.monitor.Monitor.bootServiceModule(Unknown Source)
	at org.apache.derby.impl.store.raw.RawStore.boot(Unknown Source)
	at org.apache.derby.impl.services.monitor.BaseMonitor.boot(Unknown Source)
	at org.apache.derby.impl.services.monitor.TopService.bootModule(Unknown Source)
	at org.apache.derby.impl.services.monitor.BaseMonitor.startModule(Unknown Source)
	at org.apache.derby.iapi.services.monitor.Monitor.bootServiceModule(Unknown Source)
	at org.apache.derby.impl.store.access.RAMAccessManager.boot(Unknown Source)
	at org.apache.derby.impl.services.monitor.BaseMonitor.boot(Unknown Source)
	at org.apache.derby.impl.services.monitor.TopService.bootModule(Unknown Source)
	at org.apache.derby.impl.services.monitor.BaseMonitor.startModule(Unknown Source)
	at org.apache.derby.iapi.services.monitor.Monitor.bootServiceModule(Unknown Source)
	at org.apache.derby.impl.db.BasicDatabase.bootStore(Unknown Source)
	at org.apache.derby.impl.db.BasicDatabase.boot(Unknown Source)
	at org.apache.derby.impl.services.monitor.BaseMonitor.boot(Unknown Source)
	at org.apache.derby.impl.services.monitor.TopService.bootModule(Unknown Source)
	at org.apache.derby.impl.services.monitor.BaseMonitor.bootService(Unknown Source)
	at org.apache.derby.impl.services.monitor.BaseMonitor.startProviderService(Unknown Source)
	at org.apache.derby.impl.services.monitor.BaseMonitor.findProviderAndStartService(Unknown Source)
	at org.apache.derby.impl.services.monitor.BaseMonitor.startPersistentService(Unknown Source)
	at org.apache.derby.iapi.services.monitor.Monitor.startPersistentService(Unknown Source)
	... 89 more
</error>
    <system-out>[EL Config]: metadata: 2014-05-14 18:30:26.565--ServerSession(586367030)--Thread(Thread[main,5,main])--The access type for the persistent class [class info.oleksandr.www.entities.Flight] is set to [FIELD].
[EL Config]: metadata: 2014-05-14 18:30:26.59--ServerSession(586367030)--Thread(Thread[main,5,main])--The target entity (reference) class for the many to one mapping element [field departureAirport] is being defaulted to: class info.oleksandr.www.entities.Airport.
[EL Config]: metadata: 2014-05-14 18:30:26.591--ServerSession(586367030)--Thread(Thread[main,5,main])--The target entity (reference) class for the many to one mapping element [field arrivalAirport] is being defaulted to: class info.oleksandr.www.entities.Airport.
[EL Config]: metadata: 2014-05-14 18:30:26.595--ServerSession(586367030)--Thread(Thread[main,5,main])--The target entity (reference) class for the one to many mapping element [field tickets] is being defaulted to: class info.oleksandr.www.entities.Ticket.
[EL Config]: metadata: 2014-05-14 18:30:26.595--ServerSession(586367030)--Thread(Thread[main,5,main])--The access type for the persistent class [class info.oleksandr.www.entities.Ticket] is set to [FIELD].
[EL Config]: metadata: 2014-05-14 18:30:26.595--ServerSession(586367030)--Thread(Thread[main,5,main])--The target entity (reference) class for the many to one mapping element [field flight] is being defaulted to: class info.oleksandr.www.entities.Flight.
[EL Config]: metadata: 2014-05-14 18:30:26.596--ServerSession(586367030)--Thread(Thread[main,5,main])--The target entity (reference) class for the many to one mapping element [field customer] is being defaulted to: class info.oleksandr.www.entities.Customer.
[EL Config]: metadata: 2014-05-14 18:30:26.596--ServerSession(586367030)--Thread(Thread[main,5,main])--The access type for the persistent class [class info.oleksandr.www.entities.User] is set to [FIELD].
[EL Config]: metadata: 2014-05-14 18:30:26.596--ServerSession(586367030)--Thread(Thread[main,5,main])--The access type for the persistent class [class info.oleksandr.www.entities.Airport] is set to [FIELD].
[EL Config]: metadata: 2014-05-14 18:30:26.596--ServerSession(586367030)--Thread(Thread[main,5,main])--The target entity (reference) class for the one to many mapping element [field departureFlights] is being defaulted to: class info.oleksandr.www.entities.Flight.
[EL Config]: metadata: 2014-05-14 18:30:26.597--ServerSession(586367030)--Thread(Thread[main,5,main])--The target entity (reference) class for the one to many mapping element [field arrivalFlights] is being defaulted to: class info.oleksandr.www.entities.Flight.
[EL Config]: metadata: 2014-05-14 18:30:26.597--ServerSession(586367030)--Thread(Thread[main,5,main])--The access type for the persistent class [class info.oleksandr.www.entities.Customer] is set to [FIELD].
[EL Config]: metadata: 2014-05-14 18:30:26.597--ServerSession(586367030)--Thread(Thread[main,5,main])--The target entity (reference) class for the one to many mapping element [field tickets] is being defaulted to: class info.oleksandr.www.entities.Ticket.
[EL Config]: metadata: 2014-05-14 18:30:26.597--ServerSession(586367030)--Thread(Thread[main,5,main])--The alias name for the entity class [class info.oleksandr.www.entities.Flight] is being defaulted to: Flight.
[EL Config]: metadata: 2014-05-14 18:30:26.612--ServerSession(586367030)--Thread(Thread[main,5,main])--The column name for element [id] is being defaulted to: ID.
[EL Config]: metadata: 2014-05-14 18:30:26.613--ServerSession(586367030)--Thread(Thread[main,5,main])--The column name for element [seatPrice] is being defaulted to: SEATPRICE.
[EL Config]: metadata: 2014-05-14 18:30:26.613--ServerSession(586367030)--Thread(Thread[main,5,main])--The column name for element [arrivalTime] is being defaulted to: ARRIVALTIME.
[EL Config]: metadata: 2014-05-14 18:30:26.614--ServerSession(586367030)--Thread(Thread[main,5,main])--The column name for element [seatsAvailable] is being defaulted to: SEATSAVAILABLE.
[EL Config]: metadata: 2014-05-14 18:30:26.615--ServerSession(586367030)--Thread(Thread[main,5,main])--The column name for element [departureTime] is being defaulted to: DEPARTURETIME.
[EL Config]: metadata: 2014-05-14 18:30:26.615--ServerSession(586367030)--Thread(Thread[main,5,main])--The column name for element [cancelled] is being defaulted to: CANCELLED.
[EL Config]: metadata: 2014-05-14 18:30:26.615--ServerSession(586367030)--Thread(Thread[main,5,main])--The column name for element [flightNumber] is being defaulted to: FLIGHTNUMBER.
[EL Config]: metadata: 2014-05-14 18:30:26.615--ServerSession(586367030)--Thread(Thread[main,5,main])--The alias name for the entity class [class info.oleksandr.www.entities.Ticket] is being defaulted to: Ticket.
[EL Config]: metadata: 2014-05-14 18:30:26.615--ServerSession(586367030)--Thread(Thread[main,5,main])--The column name for element [id] is being defaulted to: ID.
[EL Config]: metadata: 2014-05-14 18:30:26.616--ServerSession(586367030)--Thread(Thread[main,5,main])--The column name for element [bookingDate] is being defaulted to: BOOKINGDATE.
[EL Config]: metadata: 2014-05-14 18:30:26.616--ServerSession(586367030)--Thread(Thread[main,5,main])--The column name for element [price] is being defaulted to: PRICE.
[EL Config]: metadata: 2014-05-14 18:30:26.616--ServerSession(586367030)--Thread(Thread[main,5,main])--The column name for element [status] is being defaulted to: STATUS.
[EL Config]: metadata: 2014-05-14 18:30:26.616--ServerSession(586367030)--Thread(Thread[main,5,main])--The column name for element [name] is being defaulted to: NAME.
[EL Config]: metadata: 2014-05-14 18:30:26.616--ServerSession(586367030)--Thread(Thread[main,5,main])--The alias name for the entity class [class info.oleksandr.www.entities.User] is being defaulted to: User.
[EL Config]: metadata: 2014-05-14 18:30:26.617--ServerSession(586367030)--Thread(Thread[main,5,main])--The column name for element [id] is being defaulted to: ID.
[EL Config]: metadata: 2014-05-14 18:30:26.617--ServerSession(586367030)--Thread(Thread[main,5,main])--The column name for element [username] is being defaulted to: USERNAME.
[EL Config]: metadata: 2014-05-14 18:30:26.617--ServerSession(586367030)--Thread(Thread[main,5,main])--The column name for element [password] is being defaulted to: PASSWORD.
[EL Config]: metadata: 2014-05-14 18:30:26.617--ServerSession(586367030)--Thread(Thread[main,5,main])--The column name for element [roleId] is being defaulted to: ROLEID.
[EL Config]: metadata: 2014-05-14 18:30:26.617--ServerSession(586367030)--Thread(Thread[main,5,main])--The alias name for the entity class [class info.oleksandr.www.entities.Airport] is being defaulted to: Airport.
[EL Config]: metadata: 2014-05-14 18:30:26.617--ServerSession(586367030)--Thread(Thread[main,5,main])--The column name for element [id] is being defaulted to: ID.
[EL Config]: metadata: 2014-05-14 18:30:26.617--ServerSession(586367030)--Thread(Thread[main,5,main])--The column name for element [name] is being defaulted to: NAME.
[EL Config]: metadata: 2014-05-14 18:30:26.618--ServerSession(586367030)--Thread(Thread[main,5,main])--The column name for element [code] is being defaulted to: CODE.
[EL Config]: metadata: 2014-05-14 18:30:26.618--ServerSession(586367030)--Thread(Thread[main,5,main])--The column name for element [country] is being defaulted to: COUNTRY.
[EL Config]: metadata: 2014-05-14 18:30:26.618--ServerSession(586367030)--Thread(Thread[main,5,main])--The alias name for the entity class [class info.oleksandr.www.entities.Customer] is being defaulted to: Customer.
[EL Config]: metadata: 2014-05-14 18:30:26.618--ServerSession(586367030)--Thread(Thread[main,5,main])--The column name for element [id] is being defaulted to: ID.
[EL Config]: metadata: 2014-05-14 18:30:26.618--ServerSession(586367030)--Thread(Thread[main,5,main])--The column name for element [phone] is being defaulted to: PHONE.
[EL Config]: metadata: 2014-05-14 18:30:26.618--ServerSession(586367030)--Thread(Thread[main,5,main])--The column name for element [email] is being defaulted to: EMAIL.
[EL Config]: metadata: 2014-05-14 18:30:26.619--ServerSession(586367030)--Thread(Thread[main,5,main])--The column name for element [name] is being defaulted to: NAME.
[EL Config]: metadata: 2014-05-14 18:30:26.619--ServerSession(586367030)--Thread(Thread[main,5,main])--The column name for element [surname] is being defaulted to: SURNAME.
[EL Config]: metadata: 2014-05-14 18:30:26.619--ServerSession(586367030)--Thread(Thread[main,5,main])--The column name for element [passport] is being defaulted to: PASSPORT.
[EL Config]: metadata: 2014-05-14 18:30:26.63--ServerSession(586367030)--Thread(Thread[main,5,main])--The primary key column name for the mapping element [field departureAirport] is being defaulted to: ID.
[EL Config]: metadata: 2014-05-14 18:30:26.631--ServerSession(586367030)--Thread(Thread[main,5,main])--The primary key column name for the mapping element [field arrivalAirport] is being defaulted to: ID.
[EL Config]: metadata: 2014-05-14 18:30:26.631--ServerSession(586367030)--Thread(Thread[main,5,main])--The primary key column name for the mapping element [field flight] is being defaulted to: ID.
[EL Config]: metadata: 2014-05-14 18:30:26.631--ServerSession(586367030)--Thread(Thread[main,5,main])--The primary key column name for the mapping element [field customer] is being defaulted to: ID.
[EL Info]: 2014-05-14 18:30:26.797--ServerSession(586367030)--Thread(Thread[main,5,main])--EclipseLink, version: Eclipse Persistence Services - 2.5.0.v20130507-3faac2b
[EL Config]: connection: 2014-05-14 18:30:26.803--ServerSession(586367030)--Connection(1366968158)--Thread(Thread[main,5,main])--connecting(DatabaseLogin(
	platform=&gt;DerbyPlatform
	user name=&gt; &quot;&quot;
	connector=&gt;JNDIConnector datasource name=&gt;null
))
[EL Severe]: 2014-05-14 18:30:26.838--ServerSession(586367030)--Thread(Thread[main,5,main])--Exception [EclipseLink-4002] (Eclipse Persistence Services - 2.5.0.v20130507-3faac2b): org.eclipse.persistence.exceptions.DatabaseException
Internal Exception: java.sql.SQLException: Failed to start database &apos;C:\JAVA\DB\AirDB&apos; with class loader sun.misc.Launcher$AppClassLoader@41556f4c, see the next exception for details.
Error Code: 40000
[EL Severe]: ejb: 2014-05-14 18:30:26.84--ServerSession(586367030)--Thread(Thread[main,5,main])--Exception [EclipseLink-4002] (Eclipse Persistence Services - 2.5.0.v20130507-3faac2b): org.eclipse.persistence.exceptions.DatabaseException
Internal Exception: java.sql.SQLException: Failed to start database &apos;C:\JAVA\DB\AirDB&apos; with class loader sun.misc.Launcher$AppClassLoader@41556f4c, see the next exception for details.
Error Code: 40000
</system-out>
    <system-err>log4j:WARN No appenders could be found for logger (org.springframework.core.env.StandardEnvironment).
log4j:WARN Please initialize the log4j system properly.
log4j:WARN See http://logging.apache.org/log4j/1.2/faq.html#noconfig for more info.
</system-err>
  </testcase>
</testsuite>